<?xml version="1.0" encoding="UTF-8"?>
<!-- Generated by org.testng.reporters.JUnitReportReporter -->
<testsuite skipped="0" hostname="LGDN15032-w7" name="Railway.CreateAccountTest" tests="1" failures="0" timestamp="23 Nov 2018 05:59:44 GMT" time="15.158" errors="0">
  <testcase name="TC07" time="15.158" classname="Railway.CreateAccountTest"/>
</testsuite> <!-- Railway.CreateAccountTest -->
