<?xml version="1.0" encoding="UTF-8"?>
<!-- Generated by org.testng.reporters.JUnitReportReporter -->
<testsuite skipped="0" hostname="Manager-PC" name="Railway.CreateAccountTest" tests="1" failures="0" timestamp="26 Nov 2018 14:03:06 GMT" time="43.421" errors="0">
  <testcase name="TC07" time="43.421" classname="Railway.CreateAccountTest"/>
</testsuite> <!-- Railway.CreateAccountTest -->
