<?xml version="1.0" encoding="UTF-8"?>
<!-- Generated by org.testng.reporters.JUnitReportReporter -->
<testsuite skipped="0" hostname="LGDN15032-w7" name="Railway.BookTicketsTest" tests="1" failures="0" timestamp="07 Dec 2018 02:46:08 GMT" time="13.358" errors="0">
  <testcase name="TC15" time="13.358" classname="Railway.BookTicketsTest"/>
</testsuite> <!-- Railway.BookTicketsTest -->
