<?xml version="1.0" encoding="UTF-8"?>
<!-- Generated by org.testng.reporters.JUnitReportReporter -->
<testsuite skipped="0" hostname="LGDN15032-w7" name="Railway.ManageTicketTest" tests="1" failures="0" timestamp="07 Dec 2018 06:07:21 GMT" time="29.182" errors="0">
  <testcase name="FTTC01" time="29.182" classname="Railway.ManageTicketTest"/>
</testsuite> <!-- Railway.ManageTicketTest -->
