<?xml version="1.0" encoding="UTF-8"?>
<!-- Generated by org.testng.reporters.JUnitReportReporter -->
<testsuite skipped="0" hostname="LGDN15032-w7" name="Railway.CreateAccountTest" tests="1" failures="0" timestamp="21 Nov 2018 06:17:20 GMT" time="41.491" errors="0">
  <testcase name="TC07" time="41.491" classname="Railway.CreateAccountTest"/>
</testsuite> <!-- Railway.CreateAccountTest -->
