<?xml version="1.0" encoding="UTF-8"?>
<!-- Generated by org.testng.reporters.JUnitReportReporter -->
<testsuite skipped="0" hostname="Manager-PC" name="Railway.LoginTest" tests="1" failures="0" timestamp="20 Nov 2018 14:58:47 GMT" time="9.526" errors="0">
  <testcase name="TC01" time="9.526" classname="Railway.LoginTest"/>
</testsuite> <!-- Railway.LoginTest -->
