<?xml version="1.0" encoding="UTF-8"?>
<!-- Generated by org.testng.reporters.JUnitReportReporter -->
<testsuite skipped="0" hostname="Manager-PC" name="Railway.LoginTest" tests="1" failures="0" timestamp="04 Dec 2018 13:55:43 GMT" time="17.880" errors="0">
  <testcase name="TC06" time="17.880" classname="Railway.LoginTest"/>
</testsuite> <!-- Railway.LoginTest -->
