<?xml version="1.0" encoding="UTF-8"?>
<!-- Generated by org.testng.reporters.JUnitReportReporter -->
<testsuite skipped="0" hostname="Manager-PC" name="Railway.CreateAccountTest" tests="1" failures="0" timestamp="22 Nov 2018 12:46:28 GMT" time="11.785" errors="0">
  <testcase name="TC07" time="11.785" classname="Railway.CreateAccountTest"/>
</testsuite> <!-- Railway.CreateAccountTest -->
