<?xml version="1.0" encoding="UTF-8"?>
<!-- Generated by org.testng.reporters.JUnitReportReporter -->
<testsuite skipped="0" hostname="LGDN15032-w7" name="Railway.zForTest" tests="1" failures="0" timestamp="23 Nov 2018 01:42:41 GMT" time="8.496" errors="0">
  <testcase name="TC06" time="8.496" classname="Railway.zForTest"/>
</testsuite> <!-- Railway.zForTest -->
