<?xml version="1.0" encoding="UTF-8"?>
<!-- Generated by org.testng.reporters.JUnitReportReporter -->
<testsuite skipped="0" hostname="Manager-PC" name="Railway.CancelTicketTest" tests="1" failures="0" timestamp="04 Dec 2018 15:29:05 GMT" time="20.086" errors="0">
  <testcase name="TC16" time="20.086" classname="Railway.CancelTicketTest"/>
</testsuite> <!-- Railway.CancelTicketTest -->
